<?xml version="1.0" encoding="UTF-8"?>
<!-- Generated by org.testng.reporters.JUnitXMLReporter -->
<testsuite hostname="DESKTOP-NDA2S42" ignored="0" name="Default test" tests="2" failures="0" timestamp="2023-08-03T15:52:50 IST" time="232.52" errors="0">
  <testcase name="brokenLinks" time="170.981" classname="com.amazon_Ecommerce_Web_Application.Amazon_Web_Application"/>
  <testcase name="task" time="61.275" classname="com.amazon_Ecommerce_Web_Application.Amazon_Web_Application"/>
</testsuite> <!-- Default test -->
