<?xml version="1.0" encoding="UTF-8"?>
<testng-results ignored="0" total="1" passed="1" failed="0" skipped="0">
  <reporter-output>
  </reporter-output>
  <suite started-at="2023-08-28T17:16:40 IST" name="Default suite" finished-at="2023-08-28T17:17:31 IST" duration-ms="51573">
    <groups>
    </groups>
    <test started-at="2023-08-28T17:16:40 IST" name="Default test" finished-at="2023-08-28T17:17:31 IST" duration-ms="51573">
      <class name="com.tcWebsite.Tc_Website">
        <test-method signature="website()[pri:0, instance:com.tcWebsite.Tc_Website@602ae7b6]" started-at="2023-08-28T17:16:40 IST" name="website" finished-at="2023-08-28T17:17:31 IST" duration-ms="51544" status="PASS">
          <reporter-output>
          </reporter-output>
        </test-method> <!-- website -->
      </class> <!-- com.tcWebsite.Tc_Website -->
    </test> <!-- Default test -->
  </suite> <!-- Default suite -->
</testng-results>
